<?xml version="1.0" encoding="UTF-8" ?>
<testsuite errors="1" failures="0" hostname="h70-33-70-162.paws.uga.edu" name="edu.uga.cs1302.mp3files.LinkedListTest" tests="26" time="56.703" timestamp="2010-07-15T20:17:14">
  <properties>
    <property name="java.runtime.name" value="Java(TM) 2 Runtime Environment, Standard Edition" />
    <property name="sun.boot.library.path" value="/System/Library/Frameworks/JavaVM.framework/Versions/1.5.0/Libraries" />
    <property name="java.vm.version" value="1.5.0_24-149" />
    <property name="awt.nativeDoubleBuffering" value="true" />
    <property name="gopherProxySet" value="false" />
    <property name="mrj.build" value="9M3165" />
    <property name="java.vm.vendor" value="Apple Inc." />
    <property name="java.vendor.url" value="http://www.apple.com/" />
    <property name="path.separator" value=":" />
    <property name="java.vm.name" value="Java HotSpot(TM) Client VM" />
    <property name="file.encoding.pkg" value="sun.io" />
    <property name="user.country" value="US" />
    <property name="sun.java.launcher" value="SUN_STANDARD" />
    <property name="sun.os.patch.level" value="unknown" />
    <property name="java.vm.specification.name" value="Java Virtual Machine Specification" />
    <property name="user.dir" value="/Users/kottofy/NetBeansProjects/CSCI1302Project3" />
    <property name="java.runtime.version" value="1.5.0_24-b02-357-9M3165" />
    <property name="java.awt.graphicsenv" value="apple.awt.CGraphicsEnvironment" />
    <property name="java.endorsed.dirs" value="/System/Library/Frameworks/JavaVM.framework/Versions/1.5.0/Home/lib/endorsed" />
    <property name="os.arch" value="i386" />
    <property name="java.io.tmpdir" value="/var/folders/HF/HF5FOcFbE68Di7oyHJLv2U+++TI/-Tmp-/" />
    <property name="line.separator" value="
" />
    <property name="java.vm.specification.vendor" value="Sun Microsystems Inc." />
    <property name="os.name" value="Mac OS X" />
    <property name="sun.jnu.encoding" value="MacRoman" />
    <property name="java.library.path" value=".:/Library/Java/Extensions:/System/Library/Java/Extensions:/usr/lib/java" />
    <property name="java.specification.name" value="Java Platform API Specification" />
    <property name="java.class.version" value="49.0" />
    <property name="sun.management.compiler" value="HotSpot Client Compiler" />
    <property name="os.version" value="10.5.8" />
    <property name="http.nonProxyHosts" value="local|*.local|169.254/16|*.169.254/16" />
    <property name="user.home" value="/Users/kottofy" />
    <property name="user.timezone" value="" />
    <property name="java.awt.printerjob" value="apple.awt.CPrinterJob" />
    <property name="java.specification.version" value="1.5" />
    <property name="file.encoding" value="MacRoman" />
    <property name="user.name" value="kottofy" />
    <property name="java.class.path" value="/Applications/NetBeans/NetBeans 6.5.app/Contents/Resources/NetBeans/java2/ant/patches/72080.jar:/Applications/NetBeans/NetBeans 6.5.app/Contents/Resources/NetBeans/java2/ant/patches/ant-42275.jar:/Applications/NetBeans/NetBeans 6.5.app/Contents/Resources/NetBeans/java2/ant/lib/ant.jar:/Applications/NetBeans/NetBeans 6.5.app/Contents/Resources/NetBeans/java2/ant/lib/ant-junit.jar:/Users/kottofy/NetBeansProjects/CSCI1302Project3/src/jl1.0.1.jar:/Users/kottofy/NetBeansProjects/CSCI1302Project3/src/mp3spi1.9.4.jar:/Users/kottofy/NetBeansProjects/CSCI1302Project3/src/tritonus_share.jar:/Users/kottofy/NetBeansProjects/CSCI1302Project3/src/junit-4.8.2.jar:/Users/kottofy/NetBeansProjects/CSCI1302Project3/build/classes:/Users/kottofy/NetBeansProjects/CSCI1302Project3/src:/Applications/NetBeans/NetBeans 6.5.app/Contents/Resources/NetBeans/platform9/modules/ext/junit-4.5.jar:/Users/kottofy/NetBeansProjects/CSCI1302Project3/build/test/classes:/Users/kottofy/NetBeansProjects/CSCI1302Project3/test" />
    <property name="java.vm.specification.version" value="1.0" />
    <property name="sun.arch.data.model" value="32" />
    <property name="java.home" value="/System/Library/Frameworks/JavaVM.framework/Versions/1.5.0/Home" />
    <property name="java.specification.vendor" value="Sun Microsystems Inc." />
    <property name="user.language" value="en" />
    <property name="awt.toolkit" value="apple.awt.CToolkit" />
    <property name="java.vm.info" value="mixed mode" />
    <property name="java.version" value="1.5.0_24" />
    <property name="java.ext.dirs" value="/Library/Java/Extensions:/System/Library/Java/Extensions:/System/Library/Frameworks/JavaVM.framework/Versions/1.5.0/Home/lib/ext" />
    <property name="sun.boot.class.path" value="/System/Library/Frameworks/JavaVM.framework/Versions/1.5.0/Classes/jsfd.jar:/System/Library/Frameworks/JavaVM.framework/Versions/1.5.0/Classes/classes.jar:/System/Library/Frameworks/JavaVM.framework/Versions/1.5.0/Classes/ui.jar:/System/Library/Frameworks/JavaVM.framework/Versions/1.5.0/Classes/laf.jar:/System/Library/Frameworks/JavaVM.framework/Versions/1.5.0/Classes/sunrsasign.jar:/System/Library/Frameworks/JavaVM.framework/Versions/1.5.0/Classes/jsse.jar:/System/Library/Frameworks/JavaVM.framework/Versions/1.5.0/Classes/jce.jar:/System/Library/Frameworks/JavaVM.framework/Versions/1.5.0/Classes/charsets.jar" />
    <property name="java.vendor" value="Apple Inc." />
    <property name="file.separator" value="/" />
    <property name="java.vendor.url.bug" value="http://bugreport.apple.com/" />
    <property name="sun.cpu.endian" value="little" />
    <property name="sun.io.unicode.encoding" value="UnicodeLittle" />
    <property name="mrj.version" value="1050.1.5.0_24-357" />
    <property name="socksNonProxyHosts" value="local|*.local|169.254/16|*.169.254/16" />
    <property name="ftp.nonProxyHosts" value="local|*.local|169.254/16|*.169.254/16" />
    <property name="sun.cpu.isalist" value="" />
  </properties>
  <testcase classname="edu.uga.cs1302.mp3files.LinkedListTest" name="testInstantiate" time="0.014" />
  <testcase classname="edu.uga.cs1302.mp3files.LinkedListTest" name="testAddToEmptyList" time="0.0" />
  <testcase classname="edu.uga.cs1302.mp3files.LinkedListTest" name="testAddAtHead" time="0.0" />
  <testcase classname="edu.uga.cs1302.mp3files.LinkedListTest" name="testAddAtTailIndexed" time="0.0010" />
  <testcase classname="edu.uga.cs1302.mp3files.LinkedListTest" name="testAddAtTail" time="0.0010" />
  <testcase classname="edu.uga.cs1302.mp3files.LinkedListTest" name="testAddAtTail2" time="0.0" />
  <testcase classname="edu.uga.cs1302.mp3files.LinkedListTest" name="testSet" time="0.0" />
  <testcase classname="edu.uga.cs1302.mp3files.LinkedListTest" name="testSet2" time="0.0010" />
  <testcase classname="edu.uga.cs1302.mp3files.LinkedListTest" name="testSetFail" time="0.0" />
  <testcase classname="edu.uga.cs1302.mp3files.LinkedListTest" name="testSetFail2" time="0.0" />
  <testcase classname="edu.uga.cs1302.mp3files.LinkedListTest" name="testAddAll" time="0.0" />
  <testcase classname="edu.uga.cs1302.mp3files.LinkedListTest" name="testRemoveUniqueElement" time="0.0" />
  <testcase classname="edu.uga.cs1302.mp3files.LinkedListTest" name="testRemoveHead" time="0.0" />
  <testcase classname="edu.uga.cs1302.mp3files.LinkedListTest" name="testRemoveHead2" time="0.0" />
  <testcase classname="edu.uga.cs1302.mp3files.LinkedListTest" name="testRemoveTail" time="0.0010" />
  <testcase classname="edu.uga.cs1302.mp3files.LinkedListTest" name="testRemove" time="0.0" />
  <testcase classname="edu.uga.cs1302.mp3files.LinkedListTest" name="testClearWithIteratorForward" time="0.0" />
  <testcase classname="edu.uga.cs1302.mp3files.LinkedListTest" name="testClearWithIteratorBackward" time="0.0" />
  <testcase classname="edu.uga.cs1302.mp3files.LinkedListTest" name="testRemoveWithIteratorPrevious" time="0.0" />
  <testcase classname="edu.uga.cs1302.mp3files.LinkedListTest" name="testRemoveWithIteratorNext" time="0.0" />
  <testcase classname="edu.uga.cs1302.mp3files.LinkedListTest" name="testAddWithIterator" time="0.0" />
  <testcase classname="edu.uga.cs1302.mp3files.LinkedListTest" name="testConcurrentModification" time="0.0" />
  <testcase classname="edu.uga.cs1302.mp3files.LinkedListTest" name="testRemoveFail" time="54.249">
    <error type="java.lang.NullPointerException">java.lang.NullPointerException
	at edu.uga.cs1302.mp3files.LinkedListTest.testRemoveFail(LinkedListTest.java:284)
</error>
  </testcase>
  <testcase classname="edu.uga.cs1302.mp3files.LinkedListTest" name="testClear" time="0.0" />
  <testcase classname="edu.uga.cs1302.mp3files.LinkedListTest" name="testSize" time="0.0" />
  <testcase classname="edu.uga.cs1302.mp3files.LinkedListTest" name="testIndexOfNull" time="0.0" />
  <system-out><![CDATA[]]></system-out>
  <system-err><![CDATA[]]></system-err>
</testsuite>
